TN:
SF:app.js
FNF:0
FNH:0
DA:1,1
DA:2,1
DA:3,1
DA:5,1
DA:6,1
DA:7,1
DA:9,1
DA:11,1
LF:8
LH:8
BRF:0
BRH:0
end_of_record
TN:
SF:controllers\tasksController.js
FN:5,(anonymous_0)
FN:9,(anonymous_1)
FN:22,(anonymous_2)
FN:24,(anonymous_3)
FN:34,(anonymous_4)
FN:36,(anonymous_5)
FNF:6
FNH:6
FNDA:1,(anonymous_0)
FNDA:4,(anonymous_1)
FNDA:2,(anonymous_2)
FNDA:4,(anonymous_3)
FNDA:2,(anonymous_4)
FNDA:5,(anonymous_5)
DA:2,1
DA:3,1
DA:5,1
DA:6,1
DA:9,1
DA:10,4
DA:12,4
DA:13,1
DA:16,3
DA:17,3
DA:19,3
DA:22,1
DA:23,2
DA:24,4
DA:26,2
DA:27,1
DA:30,1
DA:31,1
DA:34,1
DA:35,2
DA:36,5
DA:38,2
DA:39,1
DA:43,2
LF:24
LH:24
BRDA:12,0,0,1
BRDA:12,0,1,3
BRDA:26,1,0,1
BRDA:26,1,1,1
BRDA:38,2,0,1
BRDA:38,2,1,1
BRF:6
BRH:6
end_of_record
TN:
SF:routes\tasks.js
FNF:0
FNH:0
DA:1,1
DA:2,1
DA:3,1
DA:5,1
DA:6,1
DA:7,1
DA:8,1
DA:10,1
LF:8
LH:8
BRF:0
BRH:0
end_of_record
