TN:
SF:app.js
FN:11,(anonymous_0)
FN:15,(anonymous_1)
FN:28,(anonymous_2)
FN:29,(anonymous_3)
FN:39,(anonymous_4)
FN:41,(anonymous_5)
FNF:6
FNH:6
FNDA:1,(anonymous_0)
FNDA:4,(anonymous_1)
FNDA:2,(anonymous_2)
FNDA:4,(anonymous_3)
FNDA:2,(anonymous_4)
FNDA:5,(anonymous_5)
DA:1,1
DA:2,1
DA:3,1
DA:4,1
DA:6,1
DA:8,1
DA:9,1
DA:11,1
DA:12,1
DA:15,1
DA:16,4
DA:18,4
DA:19,1
DA:22,3
DA:23,3
DA:25,3
DA:28,1
DA:29,4
DA:31,2
DA:32,1
DA:35,1
DA:36,1
DA:39,1
DA:40,2
DA:41,5
DA:42,2
DA:47,1
LF:27
LH:27
BRDA:18,0,0,1
BRDA:18,0,1,3
BRDA:31,1,0,1
BRDA:31,1,1,1
BRF:4
BRH:4
end_of_record
