TN:
SF:app.js
FN:9,(anonymous_0)
FN:13,(anonymous_1)
FN:26,(anonymous_2)
FN:27,(anonymous_3)
FN:37,(anonymous_4)
FN:38,(anonymous_5)
FNF:6
FNH:6
FNDA:1,(anonymous_0)
FNDA:4,(anonymous_1)
FNDA:2,(anonymous_2)
FNDA:4,(anonymous_3)
FNDA:2,(anonymous_4)
FNDA:5,(anonymous_5)
DA:1,1
DA:2,1
DA:4,1
DA:6,1
DA:7,1
DA:9,1
DA:10,1
DA:13,1
DA:14,4
DA:16,4
DA:17,1
DA:20,3
DA:21,3
DA:23,3
DA:26,1
DA:27,4
DA:29,2
DA:30,1
DA:33,1
DA:34,1
DA:37,1
DA:38,5
DA:39,2
DA:44,1
LF:24
LH:24
BRDA:16,0,0,1
BRDA:16,0,1,3
BRDA:29,1,0,1
BRDA:29,1,1,1
BRF:4
BRH:4
end_of_record
